c:\users\nathan\desktop\cudanbody\particlesystem\particlesystem\x64\debug\vc120.pdb
c:\users\nathan\desktop\cudanbody\particlesystem\particlesystem\x64\debug\vc120.idb
c:\users\nathan\desktop\cudanbody\particlesystem\particlesystem\x64\debug\particlerenderer.obj
c:\users\nathan\desktop\cudanbody\particlesystem\particlesystem\x64\debug\particlesystem.obj
c:\users\nathan\desktop\cudanbody\particlesystem\particlesystem\x64\debug\noiseutils.obj
c:\users\nathan\desktop\cudanbody\particlesystem\particlesystem\x64\debug\max.obj
c:\users\nathan\desktop\cudanbody\particlesystem\particlesystem\x64\debug\invert.obj
c:\users\nathan\desktop\cudanbody\particlesystem\particlesystem\x64\debug\exponent.obj
c:\users\nathan\desktop\cudanbody\particlesystem\particlesystem\x64\debug\displace.obj
c:\users\nathan\desktop\cudanbody\particlesystem\particlesystem\x64\debug\cylinders.obj
c:\users\nathan\desktop\cudanbody\particlesystem\particlesystem\x64\debug\curve.obj
c:\users\nathan\desktop\cudanbody\particlesystem\particlesystem\x64\debug\const.obj
c:\users\nathan\desktop\cudanbody\particlesystem\particlesystem\x64\debug\clamp.obj
c:\users\nathan\desktop\cudanbody\particlesystem\particlesystem\x64\debug\checkerboard.obj
c:\users\nathan\desktop\cudanbody\particlesystem\particlesystem\x64\debug\cache.obj
c:\users\nathan\desktop\cudanbody\particlesystem\particlesystem\x64\debug\blend.obj
c:\users\nathan\desktop\cudanbody\particlesystem\particlesystem\x64\debug\billow.obj
c:\users\nathan\desktop\cudanbody\particlesystem\particlesystem\x64\debug\add.obj
c:\users\nathan\desktop\cudanbody\particlesystem\particlesystem\x64\debug\abs.obj
c:\users\nathan\desktop\cudanbody\particlesystem\particlesystem\x64\debug\sphere.obj
c:\users\nathan\desktop\cudanbody\particlesystem\particlesystem\x64\debug\plane.obj
c:\users\nathan\desktop\cudanbody\particlesystem\particlesystem\x64\debug\line.obj
c:\users\nathan\desktop\cudanbody\particlesystem\particlesystem\x64\debug\cylinder.obj
c:\users\nathan\desktop\cudanbody\particlesystem\particlesystem\x64\debug\latlon.obj
c:\users\nathan\desktop\cudanbody\particlesystem\particlesystem\x64\debug\noisegen.obj
c:\users\nathan\desktop\cudanbody\particlesystem\particlesystem\x64\debug\voronoi.obj
c:\users\nathan\desktop\cudanbody\particlesystem\particlesystem\x64\debug\turbulence.obj
c:\users\nathan\desktop\cudanbody\particlesystem\particlesystem\x64\debug\translatepoint.obj
c:\users\nathan\desktop\cudanbody\particlesystem\particlesystem\x64\debug\terrace.obj
c:\users\nathan\desktop\cudanbody\particlesystem\particlesystem\x64\debug\spheres.obj
c:\users\nathan\desktop\cudanbody\particlesystem\particlesystem\x64\debug\select.obj
c:\users\nathan\desktop\cudanbody\particlesystem\particlesystem\x64\debug\scalepoint.obj
c:\users\nathan\desktop\cudanbody\particlesystem\particlesystem\x64\debug\scalebias.obj
c:\users\nathan\desktop\cudanbody\particlesystem\particlesystem\x64\debug\rotatepoint.obj
c:\users\nathan\desktop\cudanbody\particlesystem\particlesystem\x64\debug\ridgedmulti.obj
c:\users\nathan\desktop\cudanbody\particlesystem\particlesystem\x64\debug\power.obj
c:\users\nathan\desktop\cudanbody\particlesystem\particlesystem\x64\debug\perlin.obj
c:\users\nathan\desktop\cudanbody\particlesystem\particlesystem\x64\debug\multiply.obj
c:\users\nathan\desktop\cudanbody\particlesystem\particlesystem\x64\debug\modulebase.obj
c:\users\nathan\desktop\cudanbody\particlesystem\particlesystem\x64\debug\min.obj
c:\users\nathan\desktop\particlesystem\particlesystem\particlesystem\x64\debug\vc120.pdb
c:\users\nathan\desktop\particlesystem\particlesystem\particlesystem\x64\debug\vc120.idb
c:\users\nathan\desktop\particlesystem\particlesystem\particlesystem\x64\debug\invert.obj
c:\users\nathan\desktop\particlesystem\particlesystem\particlesystem\x64\debug\max.obj
c:\users\nathan\desktop\particlesystem\particlesystem\particlesystem\x64\debug\min.obj
c:\users\nathan\desktop\particlesystem\particlesystem\particlesystem\x64\debug\modulebase.obj
c:\users\nathan\desktop\particlesystem\particlesystem\particlesystem\x64\debug\multiply.obj
c:\users\nathan\desktop\particlesystem\particlesystem\particlesystem\x64\debug\perlin.obj
c:\users\nathan\desktop\particlesystem\particlesystem\particlesystem\x64\debug\power.obj
c:\users\nathan\desktop\particlesystem\particlesystem\particlesystem\x64\debug\ridgedmulti.obj
c:\users\nathan\desktop\particlesystem\particlesystem\particlesystem\x64\debug\rotatepoint.obj
c:\users\nathan\desktop\particlesystem\particlesystem\particlesystem\x64\debug\scalebias.obj
c:\users\nathan\desktop\particlesystem\particlesystem\particlesystem\x64\debug\scalepoint.obj
c:\users\nathan\desktop\particlesystem\particlesystem\particlesystem\x64\debug\select.obj
c:\users\nathan\desktop\particlesystem\particlesystem\particlesystem\x64\debug\spheres.obj
c:\users\nathan\desktop\particlesystem\particlesystem\particlesystem\x64\debug\terrace.obj
c:\users\nathan\desktop\particlesystem\particlesystem\particlesystem\x64\debug\translatepoint.obj
c:\users\nathan\desktop\particlesystem\particlesystem\particlesystem\x64\debug\turbulence.obj
c:\users\nathan\desktop\particlesystem\particlesystem\particlesystem\x64\debug\voronoi.obj
c:\users\nathan\desktop\particlesystem\particlesystem\particlesystem\x64\debug\noisegen.obj
c:\users\nathan\desktop\particlesystem\particlesystem\particlesystem\x64\debug\particlerenderer.obj
c:\users\nathan\desktop\particlesystem\particlesystem\particlesystem\x64\debug\particlesystem.obj
c:\users\nathan\desktop\particlesystem\particlesystem\particlesystem\x64\debug\noiseutils.obj
c:\users\nathan\desktop\particlesystem\particlesystem\particlesystem\x64\debug\latlon.obj
c:\users\nathan\desktop\particlesystem\particlesystem\particlesystem\x64\debug\cylinder.obj
c:\users\nathan\desktop\particlesystem\particlesystem\particlesystem\x64\debug\line.obj
c:\users\nathan\desktop\particlesystem\particlesystem\particlesystem\x64\debug\plane.obj
c:\users\nathan\desktop\particlesystem\particlesystem\particlesystem\x64\debug\sphere.obj
c:\users\nathan\desktop\particlesystem\particlesystem\particlesystem\x64\debug\abs.obj
c:\users\nathan\desktop\particlesystem\particlesystem\particlesystem\x64\debug\add.obj
c:\users\nathan\desktop\particlesystem\particlesystem\particlesystem\x64\debug\billow.obj
c:\users\nathan\desktop\particlesystem\particlesystem\particlesystem\x64\debug\blend.obj
c:\users\nathan\desktop\particlesystem\particlesystem\particlesystem\x64\debug\cache.obj
c:\users\nathan\desktop\particlesystem\particlesystem\particlesystem\x64\debug\checkerboard.obj
c:\users\nathan\desktop\particlesystem\particlesystem\particlesystem\x64\debug\clamp.obj
c:\users\nathan\desktop\particlesystem\particlesystem\particlesystem\x64\debug\const.obj
c:\users\nathan\desktop\particlesystem\particlesystem\particlesystem\x64\debug\curve.obj
c:\users\nathan\desktop\particlesystem\particlesystem\particlesystem\x64\debug\cylinders.obj
c:\users\nathan\desktop\particlesystem\particlesystem\particlesystem\x64\debug\displace.obj
c:\users\nathan\desktop\particlesystem\particlesystem\particlesystem\x64\debug\exponent.obj
c:\users\nathan\desktop\cudanbody\particlesystem\x64\debug\particlesystem.ilk
c:\users\nathan\desktop\cudanbody\particlesystem\x64\debug\particlesystem.exe
c:\users\nathan\desktop\cudanbody\particlesystem\x64\debug\particlesystem.pdb
c:\users\nathan\desktop\particlesystem\particlesystem\x64\debug\particlesystem.ilk
c:\users\nathan\desktop\particlesystem\particlesystem\x64\debug\particlesystem.exe
c:\users\nathan\desktop\particlesystem\particlesystem\x64\debug\particlesystem.pdb
c:\users\nathan\desktop\particlesystem\particlesystem\particlesystem\x64\debug\kernel.cu.cache
c:\users\nathan\desktop\particlesystem\particlesystem\particlesystem\x64\debug\math.cu.cache
c:\users\nathan\desktop\particlesystem\particlesystem\particlesystem\x64\debug\kernel.cu.obj
c:\users\nathan\desktop\particlesystem\particlesystem\particlesystem\x64\debug\math.cu.obj
c:\users\nathan\desktop\particlesystem\particlesystem\particlesystem\x64\debug\particlesystem.tlog\cl.command.1.tlog
c:\users\nathan\desktop\particlesystem\particlesystem\particlesystem\x64\debug\particlesystem.tlog\cl.read.1.tlog
c:\users\nathan\desktop\particlesystem\particlesystem\particlesystem\x64\debug\particlesystem.tlog\cl.write.1.tlog
c:\users\nathan\desktop\particlesystem\particlesystem\particlesystem\x64\debug\particlesystem.tlog\link.command.1.tlog
c:\users\nathan\desktop\particlesystem\particlesystem\particlesystem\x64\debug\particlesystem.tlog\link.read.1.tlog
c:\users\nathan\desktop\particlesystem\particlesystem\particlesystem\x64\debug\particlesystem.tlog\link.write.1.tlog
