Build started 6/6/2016 10:34:09 AM.
     1>Project "C:\Users\njewell5880\Desktop\ParticleSystem\ParticleSystem\ParticleSystem\ParticleSystem.vcxproj" on node 2 (Build target(s)).
     1>AddCudaCompileDeps:
         C:\Program Files (x86)\Microsoft Visual Studio 12.0\VC\bin\x86_amd64\cl.exe /E /nologo /showIncludes /TP /D__CUDACC__ /DWIN32 /DWIN64 /D_DEBUG /D_CONSOLE /D_MBCS /IC:\Users\Nathan\Desktop\CudaNBody\ParticleSystem\ParticleSystem\inc /IC:\Users\njewell5880\Desktop\CudaNBody\ParticleSystem\ParticleSystem\inc /IC:\Users\Nathan\Desktop\CudaNBody\ParticleSystem\ParticleSystem\inc /I"C:\Program Files\NVIDIA GPU Computing Toolkit\CUDA\v7.5\include" /IC:\Users\njewell5880\Desktop\CudaNBody\ParticleSystem\ParticleSystem\inc /I"C:\Program Files\NVIDIA GPU Computing Toolkit\CUDA\v7.5\bin" /I"C:\Program Files\NVIDIA GPU Computing Toolkit\CUDA\v7.5\include" /I. /FIcuda_runtime.h /c C:\Users\njewell5880\Desktop\ParticleSystem\ParticleSystem\ParticleSystem\kernel.cu 
       AddCudaCompileDeps:
         C:\Program Files (x86)\Microsoft Visual Studio 12.0\VC\bin\x86_amd64\cl.exe /E /nologo /showIncludes /TP /D__CUDACC__ /DWIN32 /DWIN64 /D_DEBUG /D_CONSOLE /D_MBCS /IC:\Users\Nathan\Desktop\CudaNBody\ParticleSystem\ParticleSystem\inc /IC:\Users\njewell5880\Desktop\CudaNBody\ParticleSystem\ParticleSystem\inc /IC:\Users\Nathan\Desktop\CudaNBody\ParticleSystem\ParticleSystem\inc /I"C:\Program Files\NVIDIA GPU Computing Toolkit\CUDA\v7.5\include" /IC:\Users\njewell5880\Desktop\CudaNBody\ParticleSystem\ParticleSystem\inc /I"C:\Program Files\NVIDIA GPU Computing Toolkit\CUDA\v7.5\bin" /I"C:\Program Files\NVIDIA GPU Computing Toolkit\CUDA\v7.5\include" /I. /FIcuda_runtime.h /c C:\Users\njewell5880\Desktop\ParticleSystem\ParticleSystem\ParticleSystem\math.cu 
       CudaBuild:
         Compiling CUDA source file kernel.cu...
         cmd.exe /C "C:\Users\njewell5880\AppData\Local\Temp\tmp2bc3d846585e4215be3b2c50b7e3403d.cmd"
         "C:\Program Files\NVIDIA GPU Computing Toolkit\CUDA\v7.5\bin\nvcc.exe" -gencode=arch=compute_20,code=\"sm_20,compute_20\" --use-local-env --cl-version 2013 -ccbin "C:\Program Files (x86)\Microsoft Visual Studio 12.0\VC\bin\x86_amd64"  -IC:\Users\Nathan\Desktop\CudaNBody\ParticleSystem\ParticleSystem\inc -IC:\Users\njewell5880\Desktop\CudaNBody\ParticleSystem\ParticleSystem\inc -IC:\Users\Nathan\Desktop\CudaNBody\ParticleSystem\ParticleSystem\inc -I"C:\Program Files\NVIDIA GPU Computing Toolkit\CUDA\v7.5\include" -IC:\Users\njewell5880\Desktop\CudaNBody\ParticleSystem\ParticleSystem\inc -I"C:\Program Files\NVIDIA GPU Computing Toolkit\CUDA\v7.5\include"  -G   --keep-dir x64\Debug -maxrregcount=0  --machine 64 --compile -cudart static  -g   -DWIN32 -DWIN64 -D_DEBUG -D_CONSOLE -D_MBCS -Xcompiler "/EHsc /W3 /nologo /Od /Zi /RTC1 /MDd " -o x64\Debug\kernel.cu.obj "C:\Users\njewell5880\Desktop\ParticleSystem\ParticleSystem\ParticleSystem\kernel.cu"
         
         C:\Users\njewell5880\Desktop\ParticleSystem\ParticleSystem\ParticleSystem>"C:\Program Files\NVIDIA GPU Computing Toolkit\CUDA\v7.5\bin\nvcc.exe" -gencode=arch=compute_20,code=\"sm_20,compute_20\" --use-local-env --cl-version 2013 -ccbin "C:\Program Files (x86)\Microsoft Visual Studio 12.0\VC\bin\x86_amd64"  -IC:\Users\Nathan\Desktop\CudaNBody\ParticleSystem\ParticleSystem\inc -IC:\Users\njewell5880\Desktop\CudaNBody\ParticleSystem\ParticleSystem\inc -IC:\Users\Nathan\Desktop\CudaNBody\ParticleSystem\ParticleSystem\inc -I"C:\Program Files\NVIDIA GPU Computing Toolkit\CUDA\v7.5\include" -IC:\Users\njewell5880\Desktop\CudaNBody\ParticleSystem\ParticleSystem\inc -I"C:\Program Files\NVIDIA GPU Computing Toolkit\CUDA\v7.5\include"  -G   --keep-dir x64\Debug -maxrregcount=0  --machine 64 --compile -cudart static  -g   -DWIN32 -DWIN64 -D_DEBUG -D_CONSOLE -D_MBCS -Xcompiler "/EHsc /W3 /nologo /Od /Zi /RTC1 /MDd " -o x64\Debug\kernel.cu.obj "C:\Users\njewell5880\Desktop\ParticleSystem\ParticleSystem\ParticleSystem\kernel.cu" 
         kernel.cu
     1>c:\users\njewell5880\desktop\particlesystem\particlesystem\particlesystem\noiseutils.h(1217): warning C4244: 'initializing' : conversion from 'const double' to 'float', possible loss of data
     1>c:\users\njewell5880\desktop\particlesystem\particlesystem\particlesystem\ShaderLoader.hpp(35): warning C4267: 'initializing' : conversion from 'size_t' to 'const int', possible loss of data
     1>C:/Users/njewell5880/Desktop/ParticleSystem/ParticleSystem/ParticleSystem/kernel.cu(19): warning C4244: 'argument' : conversion from 'time_t' to 'unsigned int', possible loss of data
       CudaBuild:
         Compiling CUDA source file math.cu...
         cmd.exe /C "C:\Users\njewell5880\AppData\Local\Temp\tmp19862ea8a5f148ddb9ff20e8163d67a7.cmd"
         "C:\Program Files\NVIDIA GPU Computing Toolkit\CUDA\v7.5\bin\nvcc.exe" -gencode=arch=compute_20,code=\"sm_20,compute_20\" --use-local-env --cl-version 2013 -ccbin "C:\Program Files (x86)\Microsoft Visual Studio 12.0\VC\bin\x86_amd64"  -IC:\Users\Nathan\Desktop\CudaNBody\ParticleSystem\ParticleSystem\inc -IC:\Users\njewell5880\Desktop\CudaNBody\ParticleSystem\ParticleSystem\inc -IC:\Users\Nathan\Desktop\CudaNBody\ParticleSystem\ParticleSystem\inc -I"C:\Program Files\NVIDIA GPU Computing Toolkit\CUDA\v7.5\include" -IC:\Users\njewell5880\Desktop\CudaNBody\ParticleSystem\ParticleSystem\inc -I"C:\Program Files\NVIDIA GPU Computing Toolkit\CUDA\v7.5\include"  -G   --keep-dir x64\Debug -maxrregcount=0  --machine 64 --compile -cudart static  -g   -DWIN32 -DWIN64 -D_DEBUG -D_CONSOLE -D_MBCS -Xcompiler "/EHsc /W3 /nologo /Od /Zi /RTC1 /MDd " -o x64\Debug\math.cu.obj "C:\Users\njewell5880\Desktop\ParticleSystem\ParticleSystem\ParticleSystem\math.cu"
         
         C:\Users\njewell5880\Desktop\ParticleSystem\ParticleSystem\ParticleSystem>"C:\Program Files\NVIDIA GPU Computing Toolkit\CUDA\v7.5\bin\nvcc.exe" -gencode=arch=compute_20,code=\"sm_20,compute_20\" --use-local-env --cl-version 2013 -ccbin "C:\Program Files (x86)\Microsoft Visual Studio 12.0\VC\bin\x86_amd64"  -IC:\Users\Nathan\Desktop\CudaNBody\ParticleSystem\ParticleSystem\inc -IC:\Users\njewell5880\Desktop\CudaNBody\ParticleSystem\ParticleSystem\inc -IC:\Users\Nathan\Desktop\CudaNBody\ParticleSystem\ParticleSystem\inc -I"C:\Program Files\NVIDIA GPU Computing Toolkit\CUDA\v7.5\include" -IC:\Users\njewell5880\Desktop\CudaNBody\ParticleSystem\ParticleSystem\inc -I"C:\Program Files\NVIDIA GPU Computing Toolkit\CUDA\v7.5\include"  -G   --keep-dir x64\Debug -maxrregcount=0  --machine 64 --compile -cudart static  -g   -DWIN32 -DWIN64 -D_DEBUG -D_CONSOLE -D_MBCS -Xcompiler "/EHsc /W3 /nologo /Od /Zi /RTC1 /MDd " -o x64\Debug\math.cu.obj "C:\Users\njewell5880\Desktop\ParticleSystem\ParticleSystem\ParticleSystem\math.cu" 
         math.cu
       ClCompile:
         C:\Program Files (x86)\Microsoft Visual Studio 12.0\VC\bin\x86_amd64\CL.exe /c /IC:\Users\Nathan\Desktop\CudaNBody\ParticleSystem\ParticleSystem\inc /I"C:\Program Files\NVIDIA GPU Computing Toolkit\CUDA\v7.5\include" /IC:\Users\njewell5880\Desktop\CudaNBody\ParticleSystem\ParticleSystem\inc /Zi /nologo /W3 /WX- /Od /D WIN32 /D WIN64 /D _DEBUG /D _CONSOLE /D _MBCS /Gm /EHsc /RTC1 /MDd /GS /fp:precise /Zc:wchar_t /Zc:forScope /Fo"x64\Debug\\" /Fd"x64\Debug\vc120.pdb" /Gd /TP /errorReport:prompt ParticleRenderer.cpp ParticleSystem.cpp
         ParticleRenderer.cpp
     1>c:\users\njewell5880\desktop\particlesystem\particlesystem\particlesystem\noiseutils.h(1217): warning C4244: 'initializing' : conversion from 'const double' to 'float', possible loss of data
     1>c:\users\njewell5880\desktop\particlesystem\particlesystem\particlesystem\ShaderLoader.hpp(35): warning C4267: 'initializing' : conversion from 'size_t' to 'const int', possible loss of data
     1>ParticleRenderer.cpp(133): warning C4244: 'argument' : conversion from 'int' to 'GLfloat', possible loss of data
     1>ParticleRenderer.cpp(188): warning C4305: '+=' : truncation from 'double' to 'float'
     1>ParticleRenderer.cpp(214): warning C4305: '+=' : truncation from 'double' to 'float'
     1>ParticleRenderer.cpp(218): warning C4305: '+=' : truncation from 'double' to 'float'
     1>ParticleRenderer.cpp(222): warning C4305: '+=' : truncation from 'double' to 'float'
     1>ParticleRenderer.cpp(226): warning C4305: '+=' : truncation from 'double' to 'float'
         Generating Code...
         Compiling...
         ParticleSystem.cpp
     1>c:\users\njewell5880\desktop\particlesystem\particlesystem\particlesystem\noiseutils.h(1217): warning C4244: 'initializing' : conversion from 'const double' to 'float', possible loss of data
     1>ParticleSystem.cpp(80): warning C4244: 'initializing' : conversion from 'double' to 'float', possible loss of data
     1>ParticleSystem.cpp(103): warning C4244: '=' : conversion from 'p_type' to 'float', possible loss of data
     1>ParticleSystem.cpp(106): warning C4244: '=' : conversion from 'p_type' to 'int', possible loss of data
     1>ParticleSystem.cpp(108): warning C4018: '<' : signed/unsigned mismatch
     1>ParticleSystem.cpp(117): warning C4244: '=' : conversion from 'p_type' to 'float', possible loss of data
     1>ParticleSystem.cpp(118): warning C4244: '=' : conversion from 'p_type' to 'float', possible loss of data
     1>ParticleSystem.cpp(119): warning C4244: '=' : conversion from 'p_type' to 'float', possible loss of data
     1>ParticleSystem.cpp(132): warning C4244: '=' : conversion from 'p_type' to 'float', possible loss of data
     1>ParticleSystem.cpp(133): warning C4244: '=' : conversion from 'p_type' to 'float', possible loss of data
     1>ParticleSystem.cpp(134): warning C4244: '=' : conversion from 'p_type' to 'float', possible loss of data
     1>ParticleSystem.cpp(139): warning C4307: '*' : integral constant overflow
     1>ParticleSystem.cpp(337): warning C4018: '<' : signed/unsigned mismatch
     1>ParticleSystem.cpp(355): warning C4244: '=' : conversion from 'double' to 'int', possible loss of data
     1>ParticleSystem.cpp(356): warning C4244: '=' : conversion from 'double' to 'int', possible loss of data
     1>ParticleSystem.cpp(357): warning C4244: '=' : conversion from 'double' to 'int', possible loss of data
     1>ParticleSystem.cpp(371): warning C4018: '<' : signed/unsigned mismatch
     1>ParticleSystem.cpp(379): warning C4018: '<' : signed/unsigned mismatch
         Generating Code...
       Link:
         C:\Program Files (x86)\Microsoft Visual Studio 12.0\VC\bin\x86_amd64\link.exe /ERRORREPORT:PROMPT /OUT:"C:\Users\njewell5880\Desktop\ParticleSystem\ParticleSystem\x64\Debug\ParticleSystem.exe" /INCREMENTAL /NOLOGO /LIBPATH:C:\Users\Nathan\Desktop\CudaNBody\ParticleSystem\ParticleSystem\lib\x64 /LIBPATH:"C:\Program Files\NVIDIA GPU Computing Toolkit\CUDA\v7.5\lib\x64" /LIBPATH:C:\Users\njewell5880\Desktop\CudaNBody\ParticleSystem\ParticleSystem\lib\x64 cudart.lib kernel32.lib user32.lib gdi32.lib winspool.lib comdlg32.lib advapi32.lib shell32.lib ole32.lib oleaut32.lib uuid.lib odbc32.lib odbccp32.lib kernel32.lib user32.lib gdi32.lib winspool.lib comdlg32.lib advapi32.lib shell32.lib ole32.lib oleaut32.lib uuid.lib odbc32.lib odbccp32.lib /MANIFEST /MANIFESTUAC:"level='asInvoker' uiAccess='false'" /manifest:embed /DEBUG /PDB:"C:\Users\njewell5880\Desktop\ParticleSystem\ParticleSystem\x64\Debug\ParticleSystem.pdb" /SUBSYSTEM:CONSOLE /TLBID:1 /DYNAMICBASE /NXCOMPAT /IMPLIB:"C:\Users\njewell5880\Desktop\ParticleSystem\ParticleSystem\x64\Debug\ParticleSystem.lib" /MACHINE:X64 x64\Debug\kernel.cu.obj
         x64\Debug\math.cu.obj
         x64\Debug\noiseutils.obj
         x64\Debug\latlon.obj
         x64\Debug\cylinder.obj
         x64\Debug\line.obj
         x64\Debug\plane.obj
         x64\Debug\sphere.obj
         x64\Debug\abs.obj
         x64\Debug\add.obj
         x64\Debug\billow.obj
         x64\Debug\blend.obj
         x64\Debug\cache.obj
         x64\Debug\checkerboard.obj
         x64\Debug\clamp.obj
         x64\Debug\const.obj
         x64\Debug\curve.obj
         x64\Debug\cylinders.obj
         x64\Debug\displace.obj
         x64\Debug\exponent.obj
         x64\Debug\invert.obj
         x64\Debug\max.obj
         x64\Debug\min.obj
         x64\Debug\modulebase.obj
         x64\Debug\multiply.obj
         x64\Debug\perlin.obj
         x64\Debug\power.obj
         x64\Debug\ridgedmulti.obj
         x64\Debug\rotatepoint.obj
         x64\Debug\scalebias.obj
         x64\Debug\scalepoint.obj
         x64\Debug\select.obj
         x64\Debug\spheres.obj
         x64\Debug\terrace.obj
         x64\Debug\translatepoint.obj
         x64\Debug\turbulence.obj
         x64\Debug\voronoi.obj
         x64\Debug\noisegen.obj
         x64\Debug\ParticleRenderer.obj
         x64\Debug\ParticleSystem.obj
         lib\x64\freeglut.lib
         lib\x64\FreeImage64.lib
         lib\x64\glew64.lib
         lib\x64\libnoise.lib
         ParticleSystem.vcxproj -> C:\Users\njewell5880\Desktop\ParticleSystem\ParticleSystem\x64\Debug\ParticleSystem.exe
       PostBuildEvent:
         echo copy "C:\Program Files\NVIDIA GPU Computing Toolkit\CUDA\v7.5\bin\cudart*.dll" "C:\Users\njewell5880\Desktop\ParticleSystem\ParticleSystem\x64\Debug\"
         copy "C:\Program Files\NVIDIA GPU Computing Toolkit\CUDA\v7.5\bin\cudart*.dll" "C:\Users\njewell5880\Desktop\ParticleSystem\ParticleSystem\x64\Debug\"
         :VCEnd
         copy "C:\Program Files\NVIDIA GPU Computing Toolkit\CUDA\v7.5\bin\cudart*.dll" "C:\Users\njewell5880\Desktop\ParticleSystem\ParticleSystem\x64\Debug\"
         C:\Program Files\NVIDIA GPU Computing Toolkit\CUDA\v7.5\bin\cudart32_75.dll
         C:\Program Files\NVIDIA GPU Computing Toolkit\CUDA\v7.5\bin\cudart64_75.dll
                 2 file(s) copied.
     1>Done Building Project "C:\Users\njewell5880\Desktop\ParticleSystem\ParticleSystem\ParticleSystem\ParticleSystem.vcxproj" (Build target(s)).

Build succeeded.

Time Elapsed 00:00:11.60
