Build started 5/6/2016 8:27:54 AM.
     1>Project "C:\Users\njewell5880\Desktop\CudaNBody\ParticleSystem\ParticleSystem\ParticleSystem.vcxproj" on node 2 (Rebuild target(s)).
     1>CudaClean:
         cmd.exe /C "C:\Users\njewell5880\AppData\Local\Temp\tmp47c16945731d47aaafccd8883f572887.cmd"
         "C:\Program Files\NVIDIA GPU Computing Toolkit\CUDA\v7.5\bin\nvcc.exe" -ccbin "C:\Program Files (x86)\Microsoft Visual Studio 12.0\VC\bin\x86_amd64"  -I"C:\Program Files\NVIDIA GPU Computing Toolkit\CUDA\v7.5\include" -I"C:\Program Files\NVIDIA GPU Computing Toolkit\CUDA\v7.5\include"     --keep-dir x64\64Bit -maxrregcount=0  --machine 64 --compile      -DWIN32 -DWIN64 -D_DEBUG -D_CONSOLE -D_MBCS -Xcompiler "/EHsc /W3 /nologo /Od /Zi /RTC1 /MDd " -o x64\64Bit\kernel.cu.obj "C:\Users\njewell5880\Desktop\CudaNBody\ParticleSystem\ParticleSystem\kernel.cu" -clean
         
         C:\Users\njewell5880\Desktop\CudaNBody\ParticleSystem\ParticleSystem>"C:\Program Files\NVIDIA GPU Computing Toolkit\CUDA\v7.5\bin\nvcc.exe" -ccbin "C:\Program Files (x86)\Microsoft Visual Studio 12.0\VC\bin\x86_amd64"  -I"C:\Program Files\NVIDIA GPU Computing Toolkit\CUDA\v7.5\include" -I"C:\Program Files\NVIDIA GPU Computing Toolkit\CUDA\v7.5\include"     --keep-dir x64\64Bit -maxrregcount=0  --machine 64 --compile      -DWIN32 -DWIN64 -D_DEBUG -D_CONSOLE -D_MBCS -Xcompiler "/EHsc /W3 /nologo /Od /Zi /RTC1 /MDd " -o x64\64Bit\kernel.cu.obj "C:\Users\njewell5880\Desktop\CudaNBody\ParticleSystem\ParticleSystem\kernel.cu" -clean 
         kernel.cu
       AddCudaCompileDeps:
         C:\Program Files (x86)\Microsoft Visual Studio 12.0\VC\bin\x86_amd64\cl.exe /E /nologo /showIncludes /TP /D__CUDACC__ /DWIN32 /DWIN64 /D_DEBUG /D_CONSOLE /D_MBCS /I"C:\Program Files\NVIDIA GPU Computing Toolkit\CUDA\v7.5\include" /I"C:\Program Files\NVIDIA GPU Computing Toolkit\CUDA\v7.5\bin" /I"C:\Program Files\NVIDIA GPU Computing Toolkit\CUDA\v7.5\include" /I. /FIcuda_runtime.h /c C:\Users\njewell5880\Desktop\CudaNBody\ParticleSystem\ParticleSystem\kernel.cu 
       CudaBuild:
         Compiling CUDA source file kernel.cu...
         cmd.exe /C "C:\Users\njewell5880\AppData\Local\Temp\tmpecf11ea14851415b9f88e1cce7c47b98.cmd"
         "C:\Program Files\NVIDIA GPU Computing Toolkit\CUDA\v7.5\bin\nvcc.exe" -gencode=arch=compute_20,code=\"sm_20,compute_20\" --use-local-env --cl-version 2013 -ccbin "C:\Program Files (x86)\Microsoft Visual Studio 12.0\VC\bin\x86_amd64"  -I"C:\Program Files\NVIDIA GPU Computing Toolkit\CUDA\v7.5\include" -I"C:\Program Files\NVIDIA GPU Computing Toolkit\CUDA\v7.5\include"     --keep-dir x64\64Bit -maxrregcount=0  --machine 64 --compile -cudart static     -DWIN32 -DWIN64 -D_DEBUG -D_CONSOLE -D_MBCS -Xcompiler "/EHsc /W3 /nologo /Od /Zi /RTC1 /MDd " -o x64\64Bit\kernel.cu.obj "C:\Users\njewell5880\Desktop\CudaNBody\ParticleSystem\ParticleSystem\kernel.cu"
         
         C:\Users\njewell5880\Desktop\CudaNBody\ParticleSystem\ParticleSystem>"C:\Program Files\NVIDIA GPU Computing Toolkit\CUDA\v7.5\bin\nvcc.exe" -gencode=arch=compute_20,code=\"sm_20,compute_20\" --use-local-env --cl-version 2013 -ccbin "C:\Program Files (x86)\Microsoft Visual Studio 12.0\VC\bin\x86_amd64"  -I"C:\Program Files\NVIDIA GPU Computing Toolkit\CUDA\v7.5\include" -I"C:\Program Files\NVIDIA GPU Computing Toolkit\CUDA\v7.5\include"     --keep-dir x64\64Bit -maxrregcount=0  --machine 64 --compile -cudart static     -DWIN32 -DWIN64 -D_DEBUG -D_CONSOLE -D_MBCS -Xcompiler "/EHsc /W3 /nologo /Od /Zi /RTC1 /MDd " -o x64\64Bit\kernel.cu.obj "C:\Users\njewell5880\Desktop\CudaNBody\ParticleSystem\ParticleSystem\kernel.cu" 
     1>c:\users\njewell5880\desktop\cudanbody\particlesystem\particlesystem\ParticleRenderer.hpp(5): fatal error C1083: Cannot open include file: 'GL\glew.h': No such file or directory
         kernel.cu
     1>C:\Program Files (x86)\MSBuild\Microsoft.Cpp\v4.0\V120\BuildCustomizations\CUDA 7.5.targets(604,9): error MSB3721: The command ""C:\Program Files\NVIDIA GPU Computing Toolkit\CUDA\v7.5\bin\nvcc.exe" -gencode=arch=compute_20,code=\"sm_20,compute_20\" --use-local-env --cl-version 2013 -ccbin "C:\Program Files (x86)\Microsoft Visual Studio 12.0\VC\bin\x86_amd64"  -I"C:\Program Files\NVIDIA GPU Computing Toolkit\CUDA\v7.5\include" -I"C:\Program Files\NVIDIA GPU Computing Toolkit\CUDA\v7.5\include"     --keep-dir x64\64Bit -maxrregcount=0  --machine 64 --compile -cudart static     -DWIN32 -DWIN64 -D_DEBUG -D_CONSOLE -D_MBCS -Xcompiler "/EHsc /W3 /nologo /Od /Zi /RTC1 /MDd " -o x64\64Bit\kernel.cu.obj "C:\Users\njewell5880\Desktop\CudaNBody\ParticleSystem\ParticleSystem\kernel.cu"" exited with code 2.
     1>Done Building Project "C:\Users\njewell5880\Desktop\CudaNBody\ParticleSystem\ParticleSystem\ParticleSystem.vcxproj" (Rebuild target(s)) -- FAILED.

Build FAILED.

Time Elapsed 00:00:01.21
