Build started 5/26/2016 10:48:50 AM.
     1>Project "C:\Users\njewell5880\Desktop\ParticleSystem\Particles\Particles\Particles.vcxproj" on node 2 (Build target(s)).
     1>AddCudaCompileDeps:
         C:\Program Files (x86)\Microsoft Visual Studio 12.0\VC\bin\cl.exe /E /nologo /showIncludes /TP /D__CUDACC__ /DWIN32 /D_DEBUG /D_CONSOLE /D_MBCS /I"C:\Program Files\NVIDIA GPU Computing Toolkit\CUDA\v7.5\include" /I"C:\Program Files\NVIDIA GPU Computing Toolkit\CUDA\v7.5\bin" /I"C:\Program Files\NVIDIA GPU Computing Toolkit\CUDA\v7.5\include" /I. /FIcuda_runtime.h /c C:\Users\njewell5880\Desktop\ParticleSystem\Particles\Particles\kernel.cu 
       CudaBuild:
         Compiling CUDA source file kernel.cu...
         cmd.exe /C "C:\Users\njewell5880\AppData\Local\Temp\tmpc70116bfe47740c7be4f243e84a600c3.cmd"
         "C:\Program Files\NVIDIA GPU Computing Toolkit\CUDA\v7.5\bin\nvcc.exe" -gencode=arch=compute_20,code=\"sm_20,compute_20\" --use-local-env --cl-version 2013 -ccbin "C:\Program Files (x86)\Microsoft Visual Studio 12.0\VC\bin"  -I"C:\Program Files\NVIDIA GPU Computing Toolkit\CUDA\v7.5\include" -I"C:\Program Files\NVIDIA GPU Computing Toolkit\CUDA\v7.5\include"  -G   --keep-dir Debug -maxrregcount=0  --machine 32 --compile -cudart static  -g   -DWIN32 -D_DEBUG -D_CONSOLE -D_MBCS -Xcompiler "/EHsc /W3 /nologo /Od /Zi /RTC1 /MDd " -o Debug\kernel.cu.obj "C:\Users\njewell5880\Desktop\ParticleSystem\Particles\Particles\kernel.cu"
         
         C:\Users\njewell5880\Desktop\ParticleSystem\Particles\Particles>"C:\Program Files\NVIDIA GPU Computing Toolkit\CUDA\v7.5\bin\nvcc.exe" -gencode=arch=compute_20,code=\"sm_20,compute_20\" --use-local-env --cl-version 2013 -ccbin "C:\Program Files (x86)\Microsoft Visual Studio 12.0\VC\bin"  -I"C:\Program Files\NVIDIA GPU Computing Toolkit\CUDA\v7.5\include" -I"C:\Program Files\NVIDIA GPU Computing Toolkit\CUDA\v7.5\include"  -G   --keep-dir Debug -maxrregcount=0  --machine 32 --compile -cudart static  -g   -DWIN32 -D_DEBUG -D_CONSOLE -D_MBCS -Xcompiler "/EHsc /W3 /nologo /Od /Zi /RTC1 /MDd " -o Debug\kernel.cu.obj "C:\Users\njewell5880\Desktop\ParticleSystem\Particles\Particles\kernel.cu" 
     1>C:\SFML-2.3.2\include\SFML/System/String.hpp(526): warning : field of class type without a DLL interface used in a class with a DLL interface
     1>C:\SFML-2.3.2\include\SFML/Window/Window.hpp(520): warning : field of class type without a DLL interface used in a class with a DLL interface
     1>C:\SFML-2.3.2\include\SFML/Graphics/Transformable.hpp(319): warning : field of class type without a DLL interface used in a class with a DLL interface
     1>C:\SFML-2.3.2\include\SFML/Graphics/Transformable.hpp(320): warning : field of class type without a DLL interface used in a class with a DLL interface
     1>C:\SFML-2.3.2\include\SFML/Graphics/Transformable.hpp(322): warning : field of class type without a DLL interface used in a class with a DLL interface
     1>C:\SFML-2.3.2\include\SFML/Graphics/Vertex.hpp(97): warning : field of class type without a DLL interface used in a class with a DLL interface
     1>C:\SFML-2.3.2\include\SFML/Graphics/Vertex.hpp(99): warning : field of class type without a DLL interface used in a class with a DLL interface
     1>C:\SFML-2.3.2\include\SFML/Graphics/VertexArray.hpp(190): warning : field of class type without a DLL interface used in a class with a DLL interface
     1>C:\SFML-2.3.2\include\SFML/Graphics/Shape.hpp(309): warning : field of class type without a DLL interface used in a class with a DLL interface
     1>C:\SFML-2.3.2\include\SFML/Graphics/Shape.hpp(315): warning : field of class type without a DLL interface used in a class with a DLL interface
     1>C:\SFML-2.3.2\include\SFML/Graphics/Shape.hpp(316): warning : field of class type without a DLL interface used in a class with a DLL interface
     1>C:\SFML-2.3.2\include\SFML/Graphics/ConvexShape.hpp(115): warning : field of class type without a DLL interface used in a class with a DLL interface
     1>C:\SFML-2.3.2\include\SFML/Graphics/Glyph.hpp(55): warning : field of class type without a DLL interface used in a class with a DLL interface
     1>C:\SFML-2.3.2\include\SFML/Graphics/Glyph.hpp(56): warning : field of class type without a DLL interface used in a class with a DLL interface
     1>C:\SFML-2.3.2\include\SFML/Graphics/Image.hpp(266): warning : field of class type without a DLL interface used in a class with a DLL interface
     1>C:\SFML-2.3.2\include\SFML/Graphics/Image.hpp(267): warning : field of class type without a DLL interface used in a class with a DLL interface
     1>C:\SFML-2.3.2\include\SFML/Graphics/Texture.hpp(506): warning : field of class type without a DLL interface used in a class with a DLL interface
     1>C:\SFML-2.3.2\include\SFML/Graphics/Texture.hpp(507): warning : field of class type without a DLL interface used in a class with a DLL interface
     1>C:\SFML-2.3.2\include\SFML/Graphics/Font.hpp(348): warning : field of class type without a DLL interface used in a class with a DLL interface
     1>C:\SFML-2.3.2\include\SFML/Graphics/Font.hpp(349): warning : field of class type without a DLL interface used in a class with a DLL interface
     1>C:\SFML-2.3.2\include\SFML/Graphics/Font.hpp(350): warning : field of class type without a DLL interface used in a class with a DLL interface
     1>C:\SFML-2.3.2\include\SFML/Graphics/RectangleShape.hpp(102): warning : field of class type without a DLL interface used in a class with a DLL interface
     1>C:\SFML-2.3.2\include\SFML/Graphics/View.hpp(272): warning : field of class type without a DLL interface used in a class with a DLL interface
     1>C:\SFML-2.3.2\include\SFML/Graphics/View.hpp(273): warning : field of class type without a DLL interface used in a class with a DLL interface
     1>C:\SFML-2.3.2\include\SFML/Graphics/View.hpp(275): warning : field of class type without a DLL interface used in a class with a DLL interface
     1>C:\SFML-2.3.2\include\SFML/Graphics/RenderTarget.hpp(418): warning : field of class type without a DLL interface used in a class with a DLL interface
     1>C:\SFML-2.3.2\include\SFML/Graphics/Shader.hpp(555): warning : field of class type without a DLL interface used in a class with a DLL interface
     1>C:\SFML-2.3.2\include\SFML/Graphics/Shader.hpp(556): warning : field of class type without a DLL interface used in a class with a DLL interface
     1>C:\SFML-2.3.2\include\SFML/Graphics/Sprite.hpp(220): warning : field of class type without a DLL interface used in a class with a DLL interface
     1>C:\SFML-2.3.2\include\SFML/Graphics/Text.hpp(310): warning : field of class type without a DLL interface used in a class with a DLL interface
     1>C:/Users/njewell5880/Desktop/ParticleSystem/Particles/Particles/kernel.cu(129): warning : variable "err" was set but never used
     1>C:\SFML-2.3.2\include\SFML/System/String.hpp(526): warning : field of class type without a DLL interface used in a class with a DLL interface
     1>C:\SFML-2.3.2\include\SFML/Window/Window.hpp(520): warning : field of class type without a DLL interface used in a class with a DLL interface
     1>C:\SFML-2.3.2\include\SFML/Graphics/Transformable.hpp(319): warning : field of class type without a DLL interface used in a class with a DLL interface
     1>C:\SFML-2.3.2\include\SFML/Graphics/Transformable.hpp(320): warning : field of class type without a DLL interface used in a class with a DLL interface
     1>C:\SFML-2.3.2\include\SFML/Graphics/Transformable.hpp(322): warning : field of class type without a DLL interface used in a class with a DLL interface
     1>C:\SFML-2.3.2\include\SFML/Graphics/Vertex.hpp(97): warning : field of class type without a DLL interface used in a class with a DLL interface
     1>C:\SFML-2.3.2\include\SFML/Graphics/Vertex.hpp(99): warning : field of class type without a DLL interface used in a class with a DLL interface
     1>C:\SFML-2.3.2\include\SFML/Graphics/VertexArray.hpp(190): warning : field of class type without a DLL interface used in a class with a DLL interface
     1>C:\SFML-2.3.2\include\SFML/Graphics/Shape.hpp(309): warning : field of class type without a DLL interface used in a class with a DLL interface
     1>C:\SFML-2.3.2\include\SFML/Graphics/Shape.hpp(315): warning : field of class type without a DLL interface used in a class with a DLL interface
     1>C:\SFML-2.3.2\include\SFML/Graphics/Shape.hpp(316): warning : field of class type without a DLL interface used in a class with a DLL interface
     1>C:\SFML-2.3.2\include\SFML/Graphics/ConvexShape.hpp(115): warning : field of class type without a DLL interface used in a class with a DLL interface
     1>C:\SFML-2.3.2\include\SFML/Graphics/Glyph.hpp(55): warning : field of class type without a DLL interface used in a class with a DLL interface
     1>C:\SFML-2.3.2\include\SFML/Graphics/Glyph.hpp(56): warning : field of class type without a DLL interface used in a class with a DLL interface
     1>C:\SFML-2.3.2\include\SFML/Graphics/Image.hpp(266): warning : field of class type without a DLL interface used in a class with a DLL interface
     1>C:\SFML-2.3.2\include\SFML/Graphics/Image.hpp(267): warning : field of class type without a DLL interface used in a class with a DLL interface
     1>C:\SFML-2.3.2\include\SFML/Graphics/Texture.hpp(506): warning : field of class type without a DLL interface used in a class with a DLL interface
     1>C:\SFML-2.3.2\include\SFML/Graphics/Texture.hpp(507): warning : field of class type without a DLL interface used in a class with a DLL interface
     1>C:\SFML-2.3.2\include\SFML/Graphics/Font.hpp(348): warning : field of class type without a DLL interface used in a class with a DLL interface
     1>C:\SFML-2.3.2\include\SFML/Graphics/Font.hpp(349): warning : field of class type without a DLL interface used in a class with a DLL interface
     1>C:\SFML-2.3.2\include\SFML/Graphics/Font.hpp(350): warning : field of class type without a DLL interface used in a class with a DLL interface
     1>C:\SFML-2.3.2\include\SFML/Graphics/RectangleShape.hpp(102): warning : field of class type without a DLL interface used in a class with a DLL interface
     1>C:\SFML-2.3.2\include\SFML/Graphics/View.hpp(272): warning : field of class type without a DLL interface used in a class with a DLL interface
     1>C:\SFML-2.3.2\include\SFML/Graphics/View.hpp(273): warning : field of class type without a DLL interface used in a class with a DLL interface
     1>C:\SFML-2.3.2\include\SFML/Graphics/View.hpp(275): warning : field of class type without a DLL interface used in a class with a DLL interface
     1>C:\SFML-2.3.2\include\SFML/Graphics/RenderTarget.hpp(418): warning : field of class type without a DLL interface used in a class with a DLL interface
     1>C:\SFML-2.3.2\include\SFML/Graphics/Shader.hpp(555): warning : field of class type without a DLL interface used in a class with a DLL interface
     1>C:\SFML-2.3.2\include\SFML/Graphics/Shader.hpp(556): warning : field of class type without a DLL interface used in a class with a DLL interface
     1>C:\SFML-2.3.2\include\SFML/Graphics/Sprite.hpp(220): warning : field of class type without a DLL interface used in a class with a DLL interface
     1>C:\SFML-2.3.2\include\SFML/Graphics/Text.hpp(310): warning : field of class type without a DLL interface used in a class with a DLL interface
     1>C:/Users/njewell5880/Desktop/ParticleSystem/Particles/Particles/kernel.cu(129): warning : variable "err" was set but never used
         kernel.cu
     1>C:/Users/njewell5880/Desktop/ParticleSystem/Particles/Particles/kernel.cu(82): warning C4305: 'argument' : truncation from 'double' to 'GLfloat'
     1>C:/Users/njewell5880/Desktop/ParticleSystem/Particles/Particles/kernel.cu(87): warning C4244: 'argument' : conversion from 'double' to 'GLfloat', possible loss of data
     1>C:/Users/njewell5880/Desktop/ParticleSystem/Particles/Particles/kernel.cu(116): warning C4244: 'argument' : conversion from 'time_t' to 'unsigned int', possible loss of data
       Link:
         C:\Program Files (x86)\Microsoft Visual Studio 12.0\VC\bin\link.exe /ERRORREPORT:PROMPT /OUT:"C:\Users\njewell5880\Desktop\ParticleSystem\Particles\Debug\Particles.exe" /INCREMENTAL /NOLOGO /LIBPATH:"C:\Program Files\NVIDIA GPU Computing Toolkit\CUDA\v7.5\lib\Win32" cudart.lib kernel32.lib user32.lib gdi32.lib winspool.lib comdlg32.lib advapi32.lib shell32.lib ole32.lib oleaut32.lib uuid.lib odbc32.lib odbccp32.lib kernel32.lib user32.lib gdi32.lib winspool.lib comdlg32.lib advapi32.lib shell32.lib ole32.lib oleaut32.lib uuid.lib odbc32.lib odbccp32.lib "sfml-graphics-d.lib" "sfml-system-d.lib" "sfml-window-d.lib" "sfml-audio-d.lib" glew/glew32.lib glu32.lib opengl32.lib freeglut/freeglut.lib /MANIFEST /MANIFESTUAC:"level='asInvoker' uiAccess='false'" /manifest:embed /DEBUG /PDB:"C:\Users\njewell5880\Desktop\ParticleSystem\Particles\Debug\Particles.pdb" /SUBSYSTEM:CONSOLE /TLBID:1 /DYNAMICBASE /NXCOMPAT /IMPLIB:"C:\Users\njewell5880\Desktop\ParticleSystem\Particles\Debug\Particles.lib" /MACHINE:X86 Debug\kernel.cu.obj
         Particles.vcxproj -> C:\Users\njewell5880\Desktop\ParticleSystem\Particles\Debug\Particles.exe
       PostBuildEvent:
         echo copy "C:\Program Files\NVIDIA GPU Computing Toolkit\CUDA\v7.5\bin\cudart*.dll" "C:\Users\njewell5880\Desktop\ParticleSystem\Particles\Debug\"
         copy "C:\Program Files\NVIDIA GPU Computing Toolkit\CUDA\v7.5\bin\cudart*.dll" "C:\Users\njewell5880\Desktop\ParticleSystem\Particles\Debug\"
         :VCEnd
         copy "C:\Program Files\NVIDIA GPU Computing Toolkit\CUDA\v7.5\bin\cudart*.dll" "C:\Users\njewell5880\Desktop\ParticleSystem\Particles\Debug\"
         C:\Program Files\NVIDIA GPU Computing Toolkit\CUDA\v7.5\bin\cudart32_75.dll
         C:\Program Files\NVIDIA GPU Computing Toolkit\CUDA\v7.5\bin\cudart64_75.dll
                 2 file(s) copied.
     1>Done Building Project "C:\Users\njewell5880\Desktop\ParticleSystem\Particles\Particles\Particles.vcxproj" (Build target(s)).

Build succeeded.

Time Elapsed 00:00:06.64
